2025-05-18	19:04:31	38b1e649-8683-4540-a8c6-e3e6c6eb0497	Servidor rodando na porta 3000
2025-05-18	19:18:04	6a42b334-8540-44db-97db-a3534a5b930c	Servidor rodando na porta 3000
2025-05-18	19:18:04	8b0131bb-6a0e-47d0-bda7-515f0be05dfb	Servidor rodando na porta 3000
2025-05-18	19:19:16	8c6b186e-bce3-4dd4-812f-c527a8ce0f94	Servidor rodando na porta 3000
2025-05-18	19:19:16	d0c4c35c-e22f-4181-9b3e-9ff56f05114e	Servidor rodando na porta 3000
2025-05-18	19:19:28	f0867466-ed6d-44f4-8159-bf2ce24135c2	Servidor rodando na porta 3000
2025-05-18	19:19:28	c13f702c-c785-4a41-a01b-35c3e1025666	Servidor rodando na porta 3000
2025-05-18	19:19:45	97aee5ae-855a-46f4-a8dc-8d98b210514c	Servidor rodando na porta 3000
2025-05-18	19:19:45	3fdfd308-b948-4e05-9eb9-d9fe023af887	Servidor rodando na porta 3000
2025-05-18	22:22:37	654dcf28-77ca-4eb6-8332-f8c47b4e06ce	Servidor rodando na porta 3000
2025-05-18	22:23:55	83a42915-4551-4967-b378-9d0adb6a3cb4	Servidor rodando na porta 3000
2025-05-18	22:24:09	e89ddcca-0010-4644-b068-6cb6f66df9a8	Servidor rodando na porta 3000
2025-05-18	22:39:32	f971bc56-0753-46ef-a1d5-7f8a6825e239	Servidor rodando na porta 3000
2025-05-18	22:47:55	771896c0-e5d8-403c-964d-2fd62411772a	Servidor rodando na porta 3000
2025-05-18	22:48:17	286f1bd8-d4de-43ce-a89a-ee87312b0be1	Servidor rodando na porta 3000
2025-05-18	23:05:06	ab759ca2-7fdd-468b-90ee-54f39def3cf4	Servidor rodando na porta 3000
2025-05-18	23:05:08	8ce3fd00-a44f-4a1d-95e3-5a1b31a42feb	Servidor rodando na porta 3000
2025-05-18	23:05:26	30395cf6-3599-4398-b2bc-f2999b941d2a	Servidor rodando na porta 3000
2025-05-18	23:05:39	01a237da-9430-4bd6-9cac-839c52da8c2a	Servidor rodando na porta 3000
2025-05-18	23:05:48	31cafed2-5f9f-466f-8ee1-008818f4374c	Servidor rodando na porta 3000
2025-05-18	23:11:40	0c5ce8cf-9d0f-4884-b1fd-3e4228ae912f	Servidor rodando na porta 3000
2025-05-18	23:11:45	4146068d-6b03-43bc-a457-771f28ead5f9	Servidor rodando na porta 3000
2025-05-19	15:50:52	a8e239b2-06a5-4cda-bdab-ab6f559431f0	Servidor rodando na porta 3000
2025-05-19	15:52:35	19f3d156-d7fe-465e-8f48-0778bb5d5145	Servidor rodando na porta 3000
2025-05-19	15:55:09	b89b0c44-71f4-49e4-a8c0-12e6c971d29c	Servidor rodando na porta 3000
2025-05-19	16:08:34	e822857f-cb0b-47b8-985f-9711294fe924	Servidor rodando na porta 3000
2025-05-19	16:08:34	421c7748-938b-465c-b7ec-12dac4f4ab52	Servidor rodando na porta 3000
2025-05-19	16:08:47	304f9fa3-adcf-4d4e-a312-e9d887183aa6	Servidor rodando na porta 3000
2025-05-19	16:08:47	353075fb-09ab-471e-8013-f854b0b01abf	Servidor rodando na porta 3000
2025-05-19	16:09:13	b3d2f9d6-daca-401f-a83f-6a57f6ac1284	Servidor rodando na porta 3000
2025-05-19	16:09:13	102dde54-edd0-4c24-b80e-a7fe49cc5573	Servidor rodando na porta 3000
2025-05-19	16:09:18	09d9fa06-6fcc-4e20-946c-6afa72a81e40	Servidor rodando na porta 3000
2025-05-19	16:09:18	80d533a6-52c7-4244-9ac0-f377bfd63989	Servidor rodando na porta 3000
2025-05-19	16:09:25	045f891b-f64c-4553-9064-6f8520796dd1	Servidor rodando na porta 3000
2025-05-19	16:09:25	e9714f0d-ef65-49d5-8352-fb0185d47681	Servidor rodando na porta 3000
2025-05-19	16:09:33	9f658374-0543-4b1e-a616-f96156c2c95d	Servidor rodando na porta 3000
2025-05-19	16:09:33	328be56b-c311-4b33-a37a-06b63a4fe601	Servidor rodando na porta 3000
2025-05-19	16:15:03	d9d4ed61-b37c-46c8-aa79-a83c5d6cd281	Servidor rodando na porta 3000
2025-05-19	16:15:08	5c65adcb-6bd1-4b5c-887c-82bfb3e57840	Servidor rodando na porta 3000
2025-05-19	16:55:20	451b113a-41b8-4185-8492-089aab21df3b	Servidor rodando na porta 3000
2025-05-19	16:56:04	27e7095d-2ea8-4d38-a7b2-31b472c61f1f	Servidor rodando na porta 3000
2025-05-19	16:58:50	d290e2d2-ae8e-4ce1-91fb-1da21758f3cf	Servidor rodando na porta 3000
2025-05-19	16:58:50	8c6a32e0-f968-4ec8-979a-57bfbe338d88	Servidor rodando na porta 3000
2025-05-19	16:58:58	ca85d08d-584d-4342-a3a3-753f596a3697	Servidor rodando na porta 3000
2025-05-19	16:58:58	a7b949df-513e-45eb-a163-e90a9c795839	Servidor rodando na porta 3000
2025-05-19	16:59:01	764fffbc-f7a4-4b8b-b7d9-2c58d8847137	Servidor rodando na porta 3000
2025-05-19	16:59:01	c9fd6984-8cb1-455f-89f9-054081d69530	Servidor rodando na porta 3000
2025-05-19	17:00:37	c58cf5eb-c485-42c0-8dff-753fa00cb925	Servidor rodando na porta 3000
2025-05-19	17:05:21	a8bc5d80-3b8b-4eec-a575-359e0da759fa	Servidor rodando na porta 3000
2025-05-19	17:05:21	e120484f-f200-4bcf-828b-43cf0574a185	Servidor rodando na porta 3000
2025-05-19	17:05:28	f97c9607-6418-41c0-9811-d07c30f8f3ba	Servidor rodando na porta 3000
2025-05-19	17:05:28	b0a0d309-ee4c-4500-967f-b3208b9d49eb	Servidor rodando na porta 3000
2025-05-19	17:05:33	c2075c67-53b4-4b83-9334-9fba13fb8fa1	Servidor rodando na porta 3000
2025-05-19	17:05:33	8555dfd6-6efb-4b6e-9e99-a35c3f271b87	Servidor rodando na porta 3000
2025-05-19	17:05:43	4c76236f-dccf-4a81-aa33-3abc50face63	Servidor rodando na porta 3000
2025-05-19	17:05:43	44e53343-b2a7-4589-8a09-4c108f763ff3	Servidor rodando na porta 3000
2025-05-19	17:05:46	9e7660e1-70bd-4bb9-9656-9564487e977d	Servidor rodando na porta 3000
2025-05-19	17:05:46	fffcfc6b-93df-4d21-912d-acad44892ed5	Servidor rodando na porta 3000
2025-05-19	17:14:00	7e5302b2-16fb-4d28-9606-8b72925c827d	Servidor rodando na porta 3000
2025-05-19	17:14:04	b5846eda-c06b-4dab-8987-ccc4e1e07a1b	Servidor rodando na porta 3000
2025-05-19	17:14:09	8ec7b2cf-fdb3-41f8-b728-03a1310a38d6	Servidor rodando na porta 3000
2025-05-19	17:18:48	08a0e6dc-06fc-4ef0-8427-ce934bf51623	Servidor rodando na porta 3000
2025-05-19	17:19:15	703ebdce-2df0-4c5a-b8e4-90358b39e9a7	Servidor rodando na porta 3000
2025-05-19	17:20:58	eb2a0daf-82a4-48eb-a3ff-f625132de728	Servidor rodando na porta 3000
2025-05-19	17:21:04	a45105ad-5b16-4620-8d55-753945456793	Servidor rodando na porta 3000
2025-05-19	17:21:35	b226a53e-a90f-4ebd-b0f9-b94ce25f221c	Servidor rodando na porta 3000
2025-05-19	17:21:37	3d960274-fa5f-4262-b5e1-98c6678c6ca6	Servidor rodando na porta 3000
2025-05-19	17:22:00	b4650814-0be2-4287-a866-70ac8c91873d	Servidor rodando na porta 3000
2025-05-19	17:22:04	2a6fb1aa-f31c-4ced-89e9-207ff51c3924	Servidor rodando na porta 3000
2025-05-19	17:22:09	37cf6793-9eb1-4735-a449-5ff3c1b110ae	Servidor rodando na porta 3000
2025-05-19	17:24:00	5246d74d-418f-4208-8110-87eca10a1352	Servidor rodando na porta 3000
2025-05-19	17:28:16	1af604df-36f9-4142-817f-bc7fc6fd0296	Servidor rodando na porta 3000
2025-05-19	17:28:20	8841c8e6-e7d6-4cb4-8787-e594ffa77c25	Servidor rodando na porta 3000
2025-05-19	17:30:37	042e973d-8914-4010-b32d-99c8eaf80c62	Servidor rodando na porta 3000
2025-05-19	17:30:40	871b0c46-7f50-4d57-ae45-37c53d05c523	Servidor rodando na porta 3000
2025-05-19	17:30:45	9f118f6c-8ff0-4054-af53-06e0f3dbfed1	Servidor rodando na porta 3000
2025-05-19	17:30:51	014da370-5471-4ed6-88ac-4c68a716f001	Servidor rodando na porta 3000
2025-05-19	17:30:59	c870056a-a9ea-4225-bd8c-babe0014866d	Servidor rodando na porta 3000
2025-05-19	17:31:01	5a4079aa-337d-4d07-b32c-18e184b7bba6	Servidor rodando na porta 3000
2025-05-19	17:31:04	50e69664-84bd-430f-aa4a-6bd05005e3ac	Servidor rodando na porta 3000
2025-05-19	17:31:12	fda3f195-47e1-472a-ab6b-80e3cfa8af8d	Servidor rodando na porta 3000
2025-05-19	17:31:15	c27d8c82-eb11-4a8a-bbc1-c1a5961334b4	Servidor rodando na porta 3000
2025-05-19	17:31:30	f3764acd-1111-471d-9acd-0998723460bd	Servidor rodando na porta 3000
2025-05-19	17:31:34	1ee84138-777a-4cad-9015-2bd79c2280fb	Servidor rodando na porta 3000
2025-05-19	17:31:37	b31cff5f-0190-47e3-995b-711b3268e76a	Servidor rodando na porta 3000
2025-05-19	17:31:40	be7e700f-ef8d-428e-96c9-33c752278833	Servidor rodando na porta 3000
2025-05-19	17:31:43	ecb49c4f-29e8-4649-95af-37b4c46a77d0	Servidor rodando na porta 3000
2025-05-19	17:31:49	b1be598d-555c-44ec-aac7-cd7163550987	Servidor rodando na porta 3000
2025-05-19	17:32:33	c1077aa1-bce8-4297-8eeb-055ee6fe233a	Servidor rodando na porta 3000
2025-05-19	17:32:35	212e9b64-ad16-41b2-83a4-0b2e67bacc07	Servidor rodando na porta 3000
2025-05-19	17:32:37	3ce2aede-15c0-4cca-b6ad-53526e9f3d2f	Servidor rodando na porta 3000
2025-05-19	17:32:42	2c10fdfb-5d99-4f84-8bc2-5b24b79e151e	Servidor rodando na porta 3000
2025-05-19	17:32:56	113bc79e-50ce-4b46-bc83-470ef7733a7a	Servidor rodando na porta 3000
2025-05-19	17:33:01	db13e9a5-8bee-4ad6-bd95-07df43db63c7	Servidor rodando na porta 3000
2025-05-19	17:33:07	edbe4c19-ebed-4bc2-8c2c-3e5c1b5e72b9	Servidor rodando na porta 3000
2025-05-19	17:33:10	961cd708-1dc2-4628-b0f8-6183601aae61	Servidor rodando na porta 3000
2025-05-19	17:33:14	fe981ed8-3c1e-4a09-8fb3-2bbc2a1ab87c	Servidor rodando na porta 3000
2025-05-19	17:33:18	8655c909-9608-4ba4-a040-2dee0dae124a	Servidor rodando na porta 3000
2025-05-19	17:33:21	2d3fbfe2-1a42-4223-9b94-f6f8f4a4b8b9	Servidor rodando na porta 3000
2025-05-19	17:33:46	60ffc539-738f-4dfa-be2c-73b2da8911a9	Servidor rodando na porta 3000
2025-05-19	17:33:50	1e1c1b6d-eed1-4b98-8bd5-89c49637c7da	Servidor rodando na porta 3000
2025-05-19	17:33:52	ee07071a-6683-4747-9032-f6504cf4acee	Servidor rodando na porta 3000
2025-05-19	17:33:58	d40257a9-026a-40c7-946a-027b4a334d05	Servidor rodando na porta 3000
2025-05-19	17:34:04	0417da26-dbc6-48f4-971e-05c0f777e806	Servidor rodando na porta 3000
2025-05-19	17:38:27	3c9b1208-04e6-4afc-8ecc-7a58572a1965	Servidor rodando na porta 3000
2025-05-19	17:38:59	c1973fdf-bfbb-40c6-ac6e-fdfa2eaf5f94	Servidor rodando na porta 3000
2025-05-19	17:39:58	4d12d093-56dc-4701-9e15-c76add7c445f	Servidor rodando na porta 3000
2025-05-19	17:40:02	cbd76820-8e95-4a52-b891-8e509e13a43c	Servidor rodando na porta 3000
2025-05-19	17:42:49	55edc32d-a9a5-4fd3-be3e-9921ffc4ae0a	Servidor rodando na porta 3000
2025-05-19	17:42:57	3018ef5d-b255-49f8-b3dd-a31be551c93e	Servidor rodando na porta 3000
2025-05-19	17:42:59	0a9e5ac3-257b-418f-8a6e-54339f6bc2d6	Servidor rodando na porta 3000
2025-05-19	17:43:04	3e89df30-647c-473e-85e5-21eb1a1c299a	Servidor rodando na porta 3000
2025-05-19	17:43:16	27a16f68-8827-4e00-b673-ffacc61cbafb	Servidor rodando na porta 3000
2025-05-19	17:44:09	4205b7c0-6127-4a5a-aeea-648c3410859f	Servidor rodando na porta 3000
2025-05-19	17:44:12	dec9c247-5713-4832-ae48-aeb5644df083	Servidor rodando na porta 3000
2025-05-19	17:44:39	7e4be632-a964-46ed-ac08-f88cba6e6a00	Servidor rodando na porta 3000
2025-05-19	17:44:41	ca8fe862-ef02-4fb8-873e-260cf3739905	Servidor rodando na porta 3000
2025-05-19	17:44:44	1e114349-f8eb-4d46-bded-cd75d6a258c2	Servidor rodando na porta 3000
2025-05-19	17:44:51	5bd72e36-e739-4002-a2e6-3292351c0001	Servidor rodando na porta 3000
2025-05-19	17:45:12	29db9ecf-2f5e-428b-99a6-8ef19039b726	Servidor rodando na porta 3000
2025-05-19	17:47:03	5b12ba69-831c-4d30-86ae-7429c3b92a35	Servidor rodando na porta 3000
2025-05-19	17:47:06	b8186c78-baa5-4e89-a09e-6fde5ec3ce47	Servidor rodando na porta 3000
2025-05-19	17:47:31	41161cc5-c0f5-4e09-b807-c50337583fd0	Servidor rodando na porta 3000
2025-05-19	17:47:49	e95d87fa-93a9-462e-971d-8e50753297ee	Servidor rodando na porta 3000
2025-05-19	17:51:04	3457fb24-fcc8-4edc-8dd6-256cb62140f8	Servidor rodando na porta 3000
2025-05-19	17:51:06	2ab7bc8a-6f8d-4a44-a55d-70c836eec934	Servidor rodando na porta 3000
2025-05-19	17:51:21	42f4f299-3a56-49d0-bfb2-4287048c8861	Servidor rodando na porta 3000
2025-05-19	17:53:56	dd768fa2-3a81-4fbc-b0f1-e167c2fa078a	Servidor rodando na porta 3000
2025-05-19	17:54:30	3900139e-7271-4e07-868a-5f92e6e51f9d	Servidor rodando na porta 3000
2025-05-19	18:08:16	1f562905-8efc-4ac8-8de4-8d1e2d9e556d	Servidor rodando na porta 3000
2025-05-19	18:08:18	b10b56d1-1038-4c00-bf38-eda88467daf0	Servidor rodando na porta 3000
2025-05-19	18:08:21	02bd00d7-4426-4e37-8a20-aa0f273b0917	Servidor rodando na porta 3000
2025-05-19	18:08:26	e2111c7f-33eb-453c-beaa-2e26cfbfb84c	Servidor rodando na porta 3000
2025-05-19	19:02:02	de7917cf-ee0d-48c2-ad18-ec3eb57f8ec8	Servidor rodando na porta 3000
2025-05-19	19:02:05	a3dae9a8-1985-4797-86d8-29a38c4e1682	Servidor rodando na porta 3000
2025-05-19	19:02:34	e539fa1f-e85d-4b26-a535-291ca69b17af	Servidor rodando na porta 3000
2025-05-19	19:02:43	50662e5b-02c9-446b-ad4c-3d049fdc75ac	Servidor rodando na porta 3000
2025-05-19	21:18:59	e96b7dbc-2bee-41ea-83a3-9401a5f08a1d	Servidor rodando na porta 3000
2025-05-19	21:19:01	86c55a52-6d62-4241-a7cb-2c5dbf2c6eb5	Servidor rodando na porta 3000
2025-05-19	21:25:43	09200d65-d5f3-4a90-be4b-4ea386fdd6b9	Servidor rodando na porta 3000
2025-05-19	21:25:54	3dc3dc33-7cbf-44c8-aed1-fcc770271c08	Servidor rodando na porta 3000
2025-05-19	21:26:13	2891efb7-6251-4329-a18a-e819151908dc	Servidor rodando na porta 3000
2025-05-20	00:27:42	13b4a629-f7ac-45fc-8b54-d76194b20390	Servidor rodando na porta 3000
2025-05-20	00:27:44	d364916f-739b-4ff2-86f7-a1c6c0f0d015	Servidor rodando na porta 3000
2025-05-20	00:30:57	3bfdbe42-eb9a-4010-922d-33ce5358d290	Servidor rodando na porta 3000
2025-05-20	00:31:21	a9b522a2-0afc-4753-9456-d0bd9a6c2b49	Servidor rodando na porta 3000
2025-05-20	00:33:50	a2d55168-28f6-456d-b294-ee344bacf774	Servidor rodando na porta 3000
2025-05-20	00:37:10	5bec1433-cc03-4c06-b4cf-7d135fec43bc	Servidor rodando na porta 3000
2025-05-20	00:37:12	e8589f6c-6cb3-4fbc-84ce-f03d642c6cc5	Servidor rodando na porta 3000
2025-05-20	00:37:20	9c707202-ece3-46eb-9b5e-7ac5ebfa829a	Servidor rodando na porta 3000
2025-05-20	00:37:22	6dbe28d9-f48b-412a-af40-2703d831e3d3	Servidor rodando na porta 3000
2025-05-20	00:37:25	4dc3ee82-cb92-4ff3-81f5-6a34a9ea2fd6	Servidor rodando na porta 3000
2025-05-20	00:37:29	ea184279-2933-4f94-972f-b80560f403f9	Servidor rodando na porta 3000
2025-05-20	00:37:32	f3c49a6b-57e9-44d4-9840-cdc79dd1ea25	Servidor rodando na porta 3000
2025-05-20	00:37:34	411bf61c-d3de-4ff3-bb86-5e1abc2b466b	Servidor rodando na porta 3000
2025-05-20	00:37:37	dd03d587-059f-4b73-99e1-ca3344d3baa4	Servidor rodando na porta 3000

2025-05-20	01:18:47	b4e71464-8c32-4b67-8aca-e69fa16d685c	Servidor rodando na porta 3000

2025-05-19	19:32:05	faa52e63-dd4c-4a97-8508-3639fe39c608	Servidor rodando na porta 3000
2025-05-19	20:48:08	834e746e-4ab7-468d-a49b-6d69fffca41c	Servidor rodando na porta 3000
2025-05-19	20:49:39	f1d05cde-4b6a-46c0-8652-c46d3e5b7248	Servidor rodando na porta 3000
2025-05-19	20:58:32	67a0f0f0-9ecc-496a-b191-e85f93c6f15c	Servidor rodando na porta 3000
2025-05-19	20:58:32	8075cd30-5fe6-453d-880c-972c3cbbe540	Servidor rodando na porta 3000
2025-05-19	21:06:12	a483f688-3fbc-41cd-a449-c1d656708a5a	Servidor rodando na porta 3000
2025-05-19	21:06:12	6d709507-9282-47c4-9600-48cfec9942f5	Servidor rodando na porta 3000
2025-05-19	22:20:22	3e67b685-fb46-4a55-ad63-5f7180c102b3	Servidor rodando na porta 3000
2025-05-19	22:20:22	9f1d94e4-493e-4a74-afca-026b0ac5ce2f	Servidor rodando na porta 3000
2025-05-19	22:22:08	13284dac-57ec-47ab-b186-f624f084e82c	Servidor rodando na porta 3000
2025-05-19	22:22:08	013fc412-5589-49f7-b6d1-655a45f6edb1	Servidor rodando na porta 3000
2025-05-19	22:22:08	4fa0b17b-03f8-428a-a24e-bdab7ade0ffd	Servidor rodando na porta 3000
2025-05-19	22:29:29	30879010-89e5-41e2-8f4e-cb33b107f219	Servidor rodando na porta 3000
2025-05-19	22:29:29	597c1140-3545-4c94-a12f-b94100f6330f	Servidor rodando na porta 3000
2025-05-19	22:29:29	8d2bdebf-2d81-4d40-ba36-d32aeb9e7eca	Servidor rodando na porta 3000
2025-05-19	22:30:29	760682b3-9169-46a1-9b44-fd8f343a5d9e	Servidor rodando na porta 3000
2025-05-19	22:30:29	ecdef9f6-9f61-4fca-b732-b68939fc2ddc	Servidor rodando na porta 3000
2025-05-19	22:30:29	6f6995a0-d81f-45a6-8594-6d5127ceeaa7	Servidor rodando na porta 3000
2025-05-19	22:30:34	ee337c1f-828a-4a14-98fa-bd240c06b586	Servidor rodando na porta 3000
2025-05-19	22:30:34	1b28a17c-4223-491c-9535-62b879fe5bb7	Servidor rodando na porta 3000
2025-05-19	22:30:34	60250994-4132-48b6-8f25-9d2b9e30d782	Servidor rodando na porta 3000
2025-05-19	22:40:11	bafe4735-b90a-4a5d-958e-8197795f7d87	Servidor rodando na porta 3000
2025-05-19	22:40:11	8d1c8748-5f0c-4ecf-8634-02a4846c933d	Servidor rodando na porta 3000
2025-05-19	22:40:11	69c6498b-3906-413b-8150-67ef26b84e76	Servidor rodando na porta 3000
2025-05-20	13:43:23	424cf52e-ff41-48cf-9773-8ef8749d3e7b	Servidor rodando na porta 3000
2025-05-20	15:02:58	1dae55b1-505f-4ede-98d6-cd9759606047	Servidor rodando na porta 3000
2025-05-20	15:04:55	2aa15be0-b03a-45b0-a10d-089422d56603	Servidor rodando na porta 3000
2025-05-20	15:04:59	98f868b7-97a9-4dae-91c5-6d442d5b85ee	Servidor rodando na porta 3000
2025-05-20	15:05:54	9be48d76-a44e-44e6-892d-9fe98e454920	Servidor rodando na porta 3000
2025-05-20	15:06:02	4c912dd8-dc95-4495-9358-a66a439e6b02	Servidor rodando na porta 3000
2025-05-20	15:06:06	432bed75-4991-4731-9314-2a4ee7cc2721	Servidor rodando na porta 3000
2025-05-20	15:07:27	247a14c1-35cb-4050-9da1-fb694b522e19	Servidor rodando na porta 3000
2025-05-20	15:07:55	a9674a7b-8c59-43ba-a19f-db06422fcd55	Servidor rodando na porta 3000
2025-05-20	15:08:00	e9da3809-4a34-4a28-b21f-521d71c53857	Servidor rodando na porta 3000
2025-05-20	15:08:21	dadedf27-b2d0-4eba-88fe-67727f4e2dd0	Servidor rodando na porta 3000
2025-05-20	15:08:28	fa319e50-5980-46b1-a637-c62360a741f1	Servidor rodando na porta 3000
2025-05-20	15:08:33	fb08fc3c-9014-42f3-921e-7c8c06fb2a51	Servidor rodando na porta 3000
2025-05-20	15:08:37	4ecf13f2-20dd-4187-ba9d-243d2a90793e	Servidor rodando na porta 3000
2025-05-20	15:08:49	44fc05fc-39cb-463c-93b5-8ca6e1d4ec3a	Servidor rodando na porta 3000
2025-05-20	15:08:58	4646952b-0904-49c7-aaea-92d214c5e234	Servidor rodando na porta 3000
2025-05-20	15:09:18	e245f617-0f01-41c0-b2b4-b70cc5cb0c7d	Servidor rodando na porta 3000
2025-05-20	15:20:14	4108892d-b69a-463f-9f78-5dd191e041ec	Servidor rodando na porta 3000
2025-05-20	15:25:40	40c76dbc-c4d8-4adc-af44-963d6859b030	Servidor rodando na porta 3000
2025-05-20	15:25:48	282f0072-38ce-4507-a6f6-364164b70bee	Servidor rodando na porta 3000
2025-05-20	15:25:54	3d6d1103-ba27-423f-9752-86422ad30d13	Servidor rodando na porta 3000
2025-05-20	15:25:58	e7507fae-7576-4921-8887-39a273bcc876	Servidor rodando na porta 3000
2025-05-20	15:26:01	ffd2ff0b-0bc1-496d-918e-599a2539f315	Servidor rodando na porta 3000
2025-05-20	15:26:18	a714f271-2885-4ab2-b647-3927e1182211	Servidor rodando na porta 3000
2025-05-20	15:26:21	1ddff167-4965-4731-9c2e-26261dd57f08	Servidor rodando na porta 3000
2025-05-20	15:26:48	e04dd9fc-61a2-4049-a98a-ce74a06a4f97	Servidor rodando na porta 3000
2025-05-20	15:26:51	cda75647-61d4-44c5-bc70-8c64760864df	Servidor rodando na porta 3000
2025-05-20	15:27:01	1bed03cf-4cbb-4b18-ab84-8d3654e7b380	Servidor rodando na porta 3000
2025-05-20	15:27:07	049ba159-56cc-4e22-b313-319e7afc06ac	Servidor rodando na porta 3000
2025-05-20	15:27:40	021e3f03-2dd2-44f5-acc7-e3a91a1f4472	Servidor rodando na porta 3000
2025-05-20	15:27:43	9affae87-a0df-41df-8405-43658529911f	Servidor rodando na porta 3000
2025-05-20	15:31:01	442b9ac1-019c-414c-9cfd-6091310bb14f	Servidor rodando na porta 3000
2025-05-20	15:31:12	5d6d6a38-295d-49ad-985e-1007065e86d9	Servidor rodando na porta 3000
2025-05-20	15:32:06	4cea852d-1d2e-46aa-b9d9-51a95d7af4c1	Servidor rodando na porta 3000
2025-05-20	15:32:20	95d8311d-8bdf-48e8-b12f-6311c9e94b53	Servidor rodando na porta 3000
2025-05-20	15:32:27	d4c4135a-79ed-4149-af0a-178f820b51a0	Servidor rodando na porta 3000
2025-05-20	15:32:45	34787dfc-698d-46d7-a8f5-bf3fb4bbff5f	Servidor rodando na porta 3000
2025-05-20	15:32:57	e465c5e8-8b70-4cd5-83d3-11877d97be3b	Servidor rodando na porta 3000
2025-05-20	15:33:05	db5125be-8cae-457d-8baa-ccc10123d49e	Servidor rodando na porta 3000
2025-05-20	16:24:20	33d83f6d-7144-4285-a7be-5d4108c62db6	Servidor rodando na porta 3000
2025-05-20	16:24:20	e130ecb8-4c80-4217-afd7-fbfccf59abc5	Servidor rodando na porta 3000
2025-05-20	16:24:20	f1d8cdb6-34a9-4d2a-ae43-cd72e1f7a1e8	Servidor rodando na porta 3000
2025-05-20	16:25:51	9f379e8c-1bfe-4757-aa2a-b4b3288c8cab	Servidor rodando na porta 3000
2025-05-20	16:25:51	c492de08-a751-4520-a419-3a9ca1ec3ead	Servidor rodando na porta 3000
2025-05-20	16:25:51	879d1820-c7af-418e-835e-3288eb0d7fc9	Servidor rodando na porta 3000
2025-05-20	16:36:05	dad2f51e-d949-47b1-af36-c27bdd70ca2b	Servidor rodando na porta 3000
2025-05-20	16:36:05	d4f03204-0a87-4659-a5d4-e75e7ae0ea67	Servidor rodando na porta 3000
2025-05-20	16:36:05	32909a08-4530-470b-b1e6-bd637fd6fa9e	Servidor rodando na porta 3000
2025-05-20	16:46:12	5b0035a9-4501-4a99-8686-42f194d0c50f	Servidor rodando na porta 3000
2025-05-20	16:46:12	8bbd80a0-15eb-48e9-90ed-88d21b7ff1de	Servidor rodando na porta 3000
2025-05-20	16:46:12	d2ea0afa-537a-4d27-85b4-b72200cfcf3b	Servidor rodando na porta 3000
2025-05-20	16:48:07	8bedb121-67c5-4023-bcfb-ad9a4b313cca	Servidor rodando na porta 3000
2025-05-20	16:48:13	5a6a1850-71a9-4a88-b48d-dd78205611af	Servidor rodando na porta 3000
2025-05-20	16:48:52	a261a82e-13dc-4984-bf29-6414ddc1b227	Servidor rodando na porta 3000
2025-05-20	16:51:29	5148e06b-522a-464f-a69e-bec361de2e5b	Servidor rodando na porta 3000
2025-05-20	19:28:17	51d22ccf-5c42-4b25-b114-fe7199119699	Servidor rodando na porta 3000
2025-05-20	19:28:25	c563d21b-7a37-4dc9-aeea-31910d23e688	Servidor rodando na porta 3000
2025-05-20	19:29:15	cf5e1708-4fbc-471e-8c7a-868888d4f8a6	Servidor rodando na porta 3000
2025-05-20	19:29:44	4c32f3f1-d0c7-4f7b-8014-3478047dff37	Servidor rodando na porta 3000
2025-05-20	19:35:08	006eee44-4f83-4911-a998-621e8131fdf5	Servidor rodando na porta 3000
2025-05-20	19:35:08	a0ad5eb1-f0d2-4eb8-aefa-4883a29df221	Servidor rodando na porta 3000
2025-05-20	19:35:24	75775d7c-755b-4316-986b-3cc34e8ec574	Servidor rodando na porta 3000
2025-05-20	19:47:45	b8a39c9e-7049-46e0-a5a1-0a840e902910	Servidor rodando na porta 3000
2025-05-20	19:47:45	cb1b6663-1357-4ecc-bed7-71e9537cbe6c	Servidor rodando na porta 3000
2025-05-20	19:47:45	36576566-2111-4013-b8be-4a7a1414518d	Servidor rodando na porta 3000
2025-05-20	19:50:18	81dd6154-1b78-4200-b645-cdbee72c93ef	Servidor rodando na porta 3000
2025-05-20	19:50:18	9742651a-a795-4677-9d24-24fccfb9647c	Servidor rodando na porta 3000
2025-05-20	19:50:18	30a4ed7d-e304-46a4-aaae-9a15af97dbfe	Servidor rodando na porta 3000
2025-05-20	19:52:50	8b7e7765-bf45-41e9-8037-5f3c09047f55	Servidor rodando na porta 3000
2025-05-20	19:52:50	fd407822-ee15-482c-b86d-aae3c79298a8	Servidor rodando na porta 3000
2025-05-20	19:52:50	8921fcad-f795-4511-8cec-677d9a119540	Servidor rodando na porta 3000
2025-05-20	19:54:23	e05f55f9-ec9c-49ba-8939-aa463feab5e2	Servidor rodando na porta 3000
2025-05-20	19:54:23	3f22bebd-1a44-4314-8443-b31217a7c01b	Servidor rodando na porta 3000
2025-05-20	19:54:23	d6ff8428-89d7-46fb-b0bc-362602d869a7	Servidor rodando na porta 3000
2025-05-20	19:54:33	93f1ce83-f208-4ce1-81ed-6f61cf9169c1	Servidor rodando na porta 3000
2025-05-20	19:54:33	f02ee0bf-10c3-4a47-81d1-e27d4d1d5838	Servidor rodando na porta 3000
2025-05-20	19:54:33	20955937-66be-4e10-b897-c97b109fc0b9	Servidor rodando na porta 3000
2025-05-20	19:54:39	0b396974-7062-4274-8798-1ef22d9016d3	Servidor rodando na porta 3000
2025-05-20	19:54:39	24566c63-3cf5-44b6-a0bd-6edce3c55ce7	Servidor rodando na porta 3000
2025-05-20	19:54:40	e436bdab-0b06-4fa4-80c6-19301785ef4f	Servidor rodando na porta 3000
2025-05-20	19:54:46	a5c8f37e-483c-4f82-9856-0fceab72611c	Servidor rodando na porta 3000
2025-05-20	19:54:46	4e5b17f7-91b7-4367-a819-c44ffbcc94b8	Servidor rodando na porta 3000
2025-05-20	19:54:46	a5ed7fff-180d-4352-8483-af6372a845b8	Servidor rodando na porta 3000
2025-05-20	19:56:22	9b9d7a37-c6c5-443f-87a6-6da7d244e187	Servidor rodando na porta 3000
2025-05-20	19:56:22	c4b95220-8ead-41f3-9010-b6b718d233c7	Servidor rodando na porta 3000
2025-05-20	19:56:22	cf564c7c-6902-426e-b62e-a8649aae35a9	Servidor rodando na porta 3000
2025-05-20	19:59:06	d45acf77-74df-468f-b795-568bb54e26d7	Servidor rodando na porta 3000
2025-05-20	19:59:06	1527e39b-ccc3-49bf-b912-7b6e9fe8f75e	Servidor rodando na porta 3000
2025-05-20	19:59:06	1bdd3f32-f010-4faf-b998-7a5a4bd2381b	Servidor rodando na porta 3000
2025-05-20	19:59:20	b89dff51-a854-4572-a3bb-a8227d4a77f0	Servidor rodando na porta 3000
2025-05-20	19:59:20	15d9dab7-ec22-440b-930b-c98e0ca9b70b	Servidor rodando na porta 3000
2025-05-20	19:59:20	560a99c9-e466-4df6-83f6-05a67d8e8ce7	Servidor rodando na porta 3000
2025-05-20	20:03:07	6cfc2c16-d912-41ae-b36d-a8adaf6fa6ab	Servidor rodando na porta 3000
2025-05-20	20:03:07	c682c50e-55a8-4078-af1e-e03290ddf650	Servidor rodando na porta 3000
2025-05-20	20:03:07	181c0bf2-e635-45f2-afb0-46504b6424d9	Servidor rodando na porta 3000
2025-05-20	20:03:19	9ba4060e-7627-41d7-bd05-6052401f5496	Servidor rodando na porta 3000
2025-05-20	20:03:19	c3aae027-bccc-4c71-a911-259abb6cc100	Servidor rodando na porta 3000
2025-05-20	20:03:19	6af435c2-ae5a-43e6-aa49-a445e96e1fda	Servidor rodando na porta 3000
2025-05-20	20:03:30	8963e1d2-d4d7-4e9e-aa13-777ff8983f1f	Servidor rodando na porta 3000
2025-05-20	20:03:30	6b69d7eb-8404-4aec-ac7f-9e9a6cc41e77	Servidor rodando na porta 3000
2025-05-20	20:03:30	95948bfc-7f66-4114-befd-992361d30724	Servidor rodando na porta 3000
2025-05-20	20:04:07	50ac86e9-25cd-4156-bab9-9a9e0f793fe1	Servidor rodando na porta 3000
2025-05-20	20:04:07	a94b1f41-b21e-49a2-919a-46f5ac087d13	Servidor rodando na porta 3000
2025-05-20	20:04:07	ee3c674a-96ac-451b-8421-59a73e855c9a	Servidor rodando na porta 3000
2025-05-20	20:04:15	4afcab15-ac8d-4c7a-8c2c-f1c032fa73dd	Servidor rodando na porta 3000
2025-05-20	20:04:15	bfda833a-b656-442a-bada-ca8f44da68c4	Servidor rodando na porta 3000
2025-05-20	20:04:15	94af3e04-c546-45ce-9f83-31543c1bfbc3	Servidor rodando na porta 3000
2025-05-20	20:04:18	a904e575-b388-4bda-b961-6b1e6b6944b6	Servidor rodando na porta 3000
2025-05-20	20:04:18	4e9ea600-785c-4b9e-8346-a7f337dc0aa9	Servidor rodando na porta 3000
2025-05-20	20:04:18	2aba3901-773d-4362-9bbd-f8827647f59a	Servidor rodando na porta 3000
2025-05-20	20:04:51	64c27871-3dd7-4b6a-88d3-759ffe4dab5e	Servidor rodando na porta 3000
2025-05-20	20:04:51	fbc4279c-5f74-4f67-b09a-fb425faed821	Servidor rodando na porta 3000
2025-05-20	20:04:51	5a4eb2d0-2468-40b4-91d0-f062dd99dd5a	Servidor rodando na porta 3000
2025-05-20	20:05:01	9183c15c-6c1f-4c95-9c1b-5b289a550d64	Servidor rodando na porta 3000
2025-05-20	20:05:01	b427b450-b941-4a81-86b1-be5a25a06068	Servidor rodando na porta 3000
2025-05-20	20:05:01	c9b64c35-4c91-4a9a-a554-43f7a4fb1d9d	Servidor rodando na porta 3000
2025-05-20	20:08:59	1bd26c0b-53a2-4000-acdf-0fc87922c892	Servidor rodando na porta 3000
2025-05-20	20:08:59	65f1c763-1fc6-4c4a-9031-cadc9c3ee43a	Servidor rodando na porta 3000
2025-05-20	20:08:59	e2932cdf-58c1-4940-b97a-b34bbd5ef4a9	Servidor rodando na porta 3000
2025-05-20	20:11:17	c1743cf4-0f10-4e42-901f-5d7287acab7e	Servidor rodando na porta 3000
2025-05-20	20:11:17	034191c2-7b19-415a-9747-7a2a4a87fbe1	Servidor rodando na porta 3000
2025-05-20	20:11:17	92d40bb3-8a1b-4695-b218-027cc69ff631	Servidor rodando na porta 3000
2025-05-20	20:11:25	c68034d3-767a-4586-a427-c352a1454d2f	Servidor rodando na porta 3000
2025-05-20	20:11:25	f3f7916c-0729-423f-bfda-7bab61163863	Servidor rodando na porta 3000
2025-05-20	20:11:25	6743e651-0edc-405d-81e5-298376f9dfbb	Servidor rodando na porta 3000
2025-05-20	20:11:32	10b15c4d-f706-4cd4-833b-136abfd32d5d	Servidor rodando na porta 3000
2025-05-20	20:11:32	193466d8-0f49-48bc-bec0-86162abd7f33	Servidor rodando na porta 3000
2025-05-20	20:11:32	c5d1c2ff-b311-46b9-83da-79afc8e3e36d	Servidor rodando na porta 3000
2025-05-20	20:13:50	01dc94ed-ff5c-42ad-a806-54437184182c	Servidor rodando na porta 3000
2025-05-20	20:13:50	09679df0-7e17-43ff-a3f5-88c7028abbc5	Servidor rodando na porta 3000
2025-05-20	20:13:50	1160de95-92ad-46ff-96ca-11ef1fb5193d	Servidor rodando na porta 3000
2025-05-20	20:14:05	eaaa2ad6-ef88-4770-9d23-d717cc66b429	Servidor rodando na porta 3000
2025-05-20	20:14:05	48153e36-b56a-4028-be7a-60e5dfc94d3f	Servidor rodando na porta 3000
2025-05-20	20:14:05	23f833f6-fdc7-4f4a-8580-1de0b36b3639	Servidor rodando na porta 3000
2025-05-20	20:16:48	fd289506-869d-4ad6-b6e7-d0ebd28f7c94	Servidor rodando na porta 3000
2025-05-20	20:16:48	b5a171f0-0e7e-4629-97fc-2f424a11ef1e	Servidor rodando na porta 3000
2025-05-20	20:16:49	ed573ab4-aca3-414c-9ca2-97aa35d37ba1	Servidor rodando na porta 3000
2025-05-20	20:18:55	f730d6d3-5d16-4095-b664-4a43b6dc74fc	Servidor rodando na porta 3000
2025-05-20	20:18:55	2a115ceb-f1ba-4261-974d-8c27fc313df2	Servidor rodando na porta 3000
2025-05-20	20:18:55	5d06d26b-db87-48a0-be14-81a70edbd367	Servidor rodando na porta 3000
2025-05-20	20:25:28	1b81a3e6-b1fc-48fd-afcb-46205d0a6a3c	Servidor rodando na porta 3000
2025-05-20	20:25:28	dda7e346-edd1-4efb-a989-3c9f96b6b445	Servidor rodando na porta 3000
2025-05-20	20:25:28	a5750dcd-59e6-469d-8d65-2fa1c00d4941	Servidor rodando na porta 3000
2025-05-20	20:26:12	c8bdef9b-48e1-4711-afee-abc4277012d6	Servidor rodando na porta 3000
2025-05-20	20:26:12	1bfb042e-bef2-4447-a674-1c4b1601e6c7	Servidor rodando na porta 3000
2025-05-20	20:26:12	970c3900-c697-4e35-9aec-1423f3a06ebe	Servidor rodando na porta 3000
2025-05-20	20:29:17	5d0d8579-2107-4d4e-b233-6e39ffa2f030	Servidor rodando na porta 3000
2025-05-20	20:29:17	49652a0d-13bd-4680-b15d-cbf8adb81a85	Servidor rodando na porta 3000
2025-05-20	20:29:17	fc3f1275-4f0f-4f99-9705-3d2562a6e31b	Servidor rodando na porta 3000
2025-05-20	20:29:35	aa6c2b94-cbd3-49d1-bf40-092021637394	Servidor rodando na porta 3000
2025-05-20	20:29:35	7a7e650e-f229-4e63-8950-db8f53d05369	Servidor rodando na porta 3000
2025-05-20	20:29:35	e2901012-266a-467c-927c-0c5a792cf947	Servidor rodando na porta 3000
2025-05-20	20:29:40	864f4596-20ad-4b3f-b236-1eab7c45e4dd	Servidor rodando na porta 3000
2025-05-20	20:29:40	63be8f85-832b-43c7-95c0-7b65d00e0724	Servidor rodando na porta 3000
2025-05-20	20:29:40	7a6a2fe9-1aad-4b53-aea7-8b6abd78bdea	Servidor rodando na porta 3000
2025-05-20	20:30:24	49399563-52e1-4597-ba0e-75693d0cc3a6	Servidor rodando na porta 3000
2025-05-20	21:03:02	ad5f1767-cffc-4608-9aad-52803b2049e8	Servidor rodando na porta 3000
2025-05-20	21:03:02	1b401cdd-f647-486b-9f03-c1a409d59ee8	Servidor rodando na porta 3000
2025-05-20	21:03:02	0e075a27-0543-4339-99b7-fca3dd60e899	Servidor rodando na porta 3000
2025-05-20	21:03:29	df1741d2-9dc3-4ea4-8bd6-5cc909a08025	Servidor rodando na porta 3000
2025-05-20	21:03:29	d37ec9a5-9730-467e-831b-bd36e443314a	Servidor rodando na porta 3000
2025-05-20	21:03:29	c70c3fa5-b74d-4f6f-9a1f-cce04ea12f71	Servidor rodando na porta 3000
2025-05-20	21:03:57	0fd0cda5-8970-4bc9-a5e5-c3b6e32b8453	Servidor rodando na porta 3000
2025-05-20	21:03:57	20d43eb3-a8d3-461f-8f52-42f92c7d9261	Servidor rodando na porta 3000
2025-05-20	21:03:57	f2e147dc-12fb-426e-9d32-75fa7078b979	Servidor rodando na porta 3000
2025-05-20	21:04:11	33f8514e-c13a-41f1-a5df-4605e041a539	Servidor rodando na porta 3000
2025-05-20	21:04:11	68ed01fb-1474-4349-81be-29573229ee78	Servidor rodando na porta 3000
2025-05-20	21:04:11	3bfe7b2c-cc18-4c5c-a0a1-6fd6c820d5c7	Servidor rodando na porta 3000
2025-05-20	21:04:34	92893f33-4c2d-4a8f-a554-5db1f767457a	Servidor rodando na porta 3000
2025-05-20	21:04:34	67914c19-dae2-48cd-b4db-772c08603874	Servidor rodando na porta 3000
2025-05-20	21:04:34	f9f4a9c8-25d5-4377-aa7f-41fce10eda0b	Servidor rodando na porta 3000
2025-05-20	21:04:58	e54babf5-6c46-4e23-ac98-299f9ab4ff42	Servidor rodando na porta 3000
2025-05-20	21:04:58	e871d40e-a58d-42a7-91ca-cd79424b1d9e	Servidor rodando na porta 3000
2025-05-20	21:04:59	4ad99787-4d62-465a-aa13-87cee2097d9a	Servidor rodando na porta 3000
2025-05-20	21:05:05	d0448538-2b6f-48cb-b134-e6ce7c2a9fda	Servidor rodando na porta 3000
2025-05-20	21:11:19	e1c6b6c7-267a-49ea-89f7-b8cd5dfec46a	Servidor rodando na porta 3000
2025-05-20	21:11:19	cb3e192c-94fe-463b-ad1b-b4015c2464fd	Servidor rodando na porta 3000
2025-05-20	21:11:19	642437a5-7abc-4dee-ad31-8b8a8bed8329	Servidor rodando na porta 3000
2025-05-20	21:11:29	72f36a2c-a7a1-46ba-bc02-325b5237331e	Servidor rodando na porta 3000
2025-05-20	21:11:29	1cc7bda4-3d87-4f08-a173-8bd1e0e3f04f	Servidor rodando na porta 3000
2025-05-20	21:11:29	c90b6efe-e940-4ae3-95dd-a7e72d1f3e6c	Servidor rodando na porta 3000
2025-05-20	21:12:36	fe1cd1d7-490e-488c-808a-c57eff281934	Servidor rodando na porta 3000
2025-05-20	21:15:07	7e7aab3b-eef2-4f17-8f28-9e5956c5013b	Servidor rodando na porta 3000
2025-05-20	21:15:07	a32825e1-0b00-49ef-84e9-138646f01a7f	Servidor rodando na porta 3000
2025-05-20	21:15:07	35e04123-e9d3-40d6-818b-ab29934ddb72	Servidor rodando na porta 3000
2025-05-20	21:17:23	4f4e6a5b-a7d7-4b11-ba6d-56894d82de8a	Servidor rodando na porta 3000
2025-05-20	21:17:23	7d939420-6dd9-4c60-9bc8-16aa566ba53b	Servidor rodando na porta 3000
2025-05-20	21:17:23	e853aab6-b2bd-48ad-ace5-82a97d864ef3	Servidor rodando na porta 3000
2025-05-20	21:17:28	73fa3af1-08d3-4c44-88e2-10364c43015c	Servidor rodando na porta 3000
2025-05-20	21:17:28	bf732e99-0898-41ca-a357-639c1eb17816	Servidor rodando na porta 3000
2025-05-20	21:17:29	417170cb-7ded-4909-b556-6c67af2da51d	Servidor rodando na porta 3000
2025-05-20	21:17:54	70a61c0c-12e1-46d3-8998-5e204627b1f1	Servidor rodando na porta 3000
2025-05-20	21:17:54	501c409f-3006-4f1a-be5f-3cf11b4eff8a	Servidor rodando na porta 3000
2025-05-20	21:20:32	ecd0369c-f3f5-4a58-9b7a-2e55fd030627	Servidor rodando na porta 3000
2025-05-20	21:20:32	925655cf-4de8-4233-8a17-bdeefbfc90b6	Servidor rodando na porta 3000
2025-05-20	21:20:32	22e2f0ac-0266-44bc-8212-e9342644540d	Servidor rodando na porta 3000
2025-05-20	21:20:37	d059b7f2-bb0e-42af-a11d-6196a925870d	Servidor rodando na porta 3000
2025-05-20	21:20:37	3f784e76-0faf-4f27-9dc8-bc3ceb74e2ff	Servidor rodando na porta 3000
2025-05-20	21:20:37	9bf55954-bc13-4cd7-9b4d-1328d06edada	Servidor rodando na porta 3000
2025-05-20	21:20:42	9b87b4bf-50f9-4199-b0ce-0793f872927e	Servidor rodando na porta 3000
2025-05-20	21:20:43	e917e59e-5ec6-43c6-9176-a0c4e7de1561	Servidor rodando na porta 3000
2025-05-20	21:20:43	9dea8293-c344-4701-a27d-97735f43da04	Servidor rodando na porta 3000
2025-05-20	21:27:54	d6b7ec82-35d1-4404-9187-afbfad4a7325	Servidor rodando na porta 3000
2025-05-20	21:27:54	6ebcc0ee-cc70-46f4-81ea-43c702dc7842	Servidor rodando na porta 3000
2025-05-20	21:27:54	51e46e69-fd51-4ba9-ad42-a7610a098d5a	Servidor rodando na porta 3000
2025-05-20	21:32:09	de72a845-13d2-45e3-b73f-dd6891afc9fc	Servidor rodando na porta 3000
2025-05-20	21:32:09	f0431c41-a148-4dea-a1ca-4a71924d92c4	Servidor rodando na porta 3000
2025-05-20	21:32:09	8ef8a871-e1a0-4828-858b-ed783ca6aaae	Servidor rodando na porta 3000
2025-05-20	21:32:37	44be7add-0e77-406a-b91d-039ba267ea90	Servidor rodando na porta 3000
2025-05-20	21:32:37	013e1260-8ea4-48b5-8fd7-3efdf6e296cc	Servidor rodando na porta 3000
2025-05-20	21:32:37	5e7632a3-0dee-460a-8fb5-aca47e0d9a93	Servidor rodando na porta 3000
2025-05-20	21:33:49	0d7df99f-d9f9-49a7-a512-09e8fab1e610	Servidor rodando na porta 3000
2025-05-20	21:33:49	ccddabba-5d87-49ef-8c03-e86c91bf7b45	Servidor rodando na porta 3000
2025-05-20	21:44:50	5ba127ec-c355-48a0-969b-351af18b2494	Servidor rodando na porta 3000
2025-05-20	21:44:50	0cd085da-29ab-4953-a754-2ae7c44d7c24	Servidor rodando na porta 3000
2025-05-20	21:44:50	a5928ffb-a13a-4b91-bcc2-66e09c2b76be	Servidor rodando na porta 3000
2025-05-20	21:46:04	f723ac5e-ed60-4da0-b939-8dc29835ee4d	Servidor rodando na porta 3000
2025-05-20	21:46:04	570ab15d-97b2-4e5e-9f5f-6a4eb52033ac	Servidor rodando na porta 3000
2025-05-20	21:46:04	3d1f74dc-d547-4d03-b751-e70bc4d37e90	Servidor rodando na porta 3000
2025-05-20	21:46:40	5e300246-26f7-49a8-bb7a-51c80b8ff3cd	Servidor rodando na porta 3000
2025-05-20	21:46:40	1b92aff0-69d3-4c27-ac44-cf7f19539986	Servidor rodando na porta 3000
2025-05-20	21:53:30	370faccf-2edf-4d67-ba73-681aaac6455e	Servidor rodando na porta 3000
2025-05-20	21:53:30	df64136d-3efe-4d68-8c8d-c357efe190df	Servidor rodando na porta 3000
2025-05-20	21:53:30	dca5af49-3e43-46f6-90f1-ea3be17c0890	Servidor rodando na porta 3000
2025-05-20	22:07:45	813ea8ae-bd8d-4548-8b4d-6b338dbe9c80	Servidor rodando na porta 3000
2025-05-20	22:07:45	7f738399-79a1-4b70-acad-c531f26b82be	Servidor rodando na porta 3000
2025-05-20	22:11:43	17d03fbf-8f0b-4cfd-807c-7402b846cff3	Servidor rodando na porta 3000
2025-05-20	22:11:43	246495c0-7230-4d1e-b958-915f440ad573	Servidor rodando na porta 3000
2025-05-20	22:11:43	2e562822-9b3d-4d68-b01a-a70e425450ca	Servidor rodando na porta 3000
2025-05-20	22:11:49	87a1c2ce-2b1b-4fb7-828d-5ae011ae38a5	Servidor rodando na porta 3000
2025-05-20	22:11:49	abed669b-3dfb-48ad-a0b7-f7c6e18703e4	Servidor rodando na porta 3000
2025-05-20	22:11:49	c332e25e-1767-4392-88c4-449e22bfbc04	Servidor rodando na porta 3000
2025-05-20	22:12:02	ba0e9d13-9f67-409a-bcd8-380a5921d669	Servidor rodando na porta 3000
2025-05-20	22:12:02	25479101-a5af-4634-9d73-2d2329ebf003	Servidor rodando na porta 3000
2025-05-20	22:12:02	d130d744-e96a-45c5-8dd1-532410907306	Servidor rodando na porta 3000
2025-05-20	22:12:35	3faaf990-1f18-4c47-95b5-2f8f3023b46c	Servidor rodando na porta 3000
2025-05-20	22:12:35	6d094438-3e1a-496f-b98c-b9f4fdf3fe24	Servidor rodando na porta 3000
2025-05-20	22:18:00	5ad38684-83b1-4344-ba0f-be4068953461	Servidor rodando na porta 3000
2025-05-20	22:18:00	109e1fe3-8b6c-4f6c-975f-6417df9a2c38	Servidor rodando na porta 3000
2025-05-20	22:21:05	1b93e3d6-3a7a-4b4c-b052-136df324e8d9	Servidor rodando na porta 3000
2025-05-20	22:21:05	d5373e98-6cde-4294-90be-bd14416d5b60	Servidor rodando na porta 3000
2025-05-20	22:21:05	f11acffc-736f-471d-9584-2e6cef32aa76	Servidor rodando na porta 3000
2025-05-20	22:23:29	b0e2aac7-7ac6-423d-97b6-41dc9f3c49cd	Servidor rodando na porta 3000
2025-05-20	22:23:29	cf2d9fe2-dcf6-41c4-83b0-31bb3433cdcd	Servidor rodando na porta 3000
2025-05-20	22:23:29	872fc4c3-6a54-4a5a-82f3-d415291f980b	Servidor rodando na porta 3000
2025-05-20	22:23:33	7950dd6b-c922-4fcd-9fd3-337c1c97c8f6	Servidor rodando na porta 3000
2025-05-20	22:23:33	0b61b7d3-1527-46ba-bff8-104b07dce97f	Servidor rodando na porta 3000
2025-05-20	22:23:33	c2004c94-4999-4f6e-a6cc-611fffb980fe	Servidor rodando na porta 3000
2025-05-20	22:24:39	837e9c9d-b1a6-41fb-9599-da1c84e5d907	Servidor rodando na porta 3000
2025-05-20	22:24:39	7eb1996e-5be9-40a9-b1e7-689e040d0f04	Servidor rodando na porta 3000
2025-05-20	22:28:03	57f7b6d8-5586-4681-9c2a-735c68f19195	Servidor rodando na porta 3000
2025-05-20	22:28:03	1a2fed86-a661-49c8-8a3d-e7225d32ee74	Servidor rodando na porta 3000
2025-05-20	22:28:03	0315f6af-657d-4dd7-8114-cfdbd0ef54d7	Servidor rodando na porta 3000
2025-05-20	22:28:08	fb863446-18b0-4d2c-98d3-4851bf310faf	Servidor rodando na porta 3000
2025-05-20	22:28:08	d7f339d7-69a6-4b54-996d-e7a056dc4754	Servidor rodando na porta 3000
2025-05-20	22:28:08	b454200a-7f2d-470e-b0a1-f7f985919780	Servidor rodando na porta 3000
2025-05-20	22:29:17	92706670-fb2e-4859-a5cc-4fd143eb6ede	Servidor rodando na porta 3000
2025-05-20	22:29:17	16ff84b0-3721-4200-8498-1e038ebc6226	Servidor rodando na porta 3000
2025-05-20	22:32:26	d5e5d1d6-5d0c-4cfe-bf89-711c9aa56118	Servidor rodando na porta 3000
2025-05-20	22:32:26	d033cadf-375f-4648-bf8f-b2179d877b15	Servidor rodando na porta 3000
2025-05-20	22:34:15	10298e7f-6e5c-46bb-8577-c97e0be44f19	Servidor rodando na porta 3000
2025-05-20	22:34:15	ff8ab4da-6898-4486-884f-95f624562412	Servidor rodando na porta 3000
2025-05-20	22:34:15	6b0fd396-9c25-42a8-a2ab-548736ad0450	Servidor rodando na porta 3000
2025-05-20	22:34:33	d05f4c86-d224-4c7f-893d-b6f982e6bcde	Servidor rodando na porta 3000
2025-05-20	22:34:33	0f9256c9-55d3-4517-bb85-6a350425f94c	Servidor rodando na porta 3000
2025-05-20	22:38:10	36cc9ed1-bb0e-48a1-b0c8-246053130825	Servidor rodando na porta 3000
2025-05-20	22:38:10	108a3e71-1db3-44f2-874a-e77eb742ed29	Servidor rodando na porta 3000
2025-05-20	22:38:10	fbf26e90-af95-4830-b6e4-b34245839789	Servidor rodando na porta 3000
2025-05-20	22:38:15	07b403fa-bfa3-43ab-b601-862fc5694ce3	Servidor rodando na porta 3000
2025-05-20	22:38:15	262c487b-bd31-4b68-b119-c793409338c7	Servidor rodando na porta 3000
2025-05-20	22:38:15	65815030-512e-4385-993a-cda7dc7033d9	Servidor rodando na porta 3000
2025-05-20	22:39:49	7ecd3d02-c434-4bf6-a2a2-61d796f38e37	Servidor rodando na porta 3000
2025-05-20	22:39:49	ddc4affd-ec0b-4bd6-88dc-3d0c78832003	Servidor rodando na porta 3000
2025-05-20	22:39:50	729d98e6-b8fa-46d3-89cc-51cfd046eefc	Servidor rodando na porta 3000
2025-05-20	22:39:54	d481d79c-558d-4c26-b7e3-3b37ce858ddc	Servidor rodando na porta 3000
2025-05-20	22:39:54	f1771019-224f-4568-9d91-3df2ec113783	Servidor rodando na porta 3000
2025-05-20	22:39:54	491ae136-522b-4097-9b3f-60113cf79e0b	Servidor rodando na porta 3000
2025-05-20	22:49:29	3e94fce6-5abb-4501-8974-6c6584984edb	Servidor rodando na porta 3000
2025-05-20	22:49:29	ca718593-3ce7-4131-88f9-7b1f67d3d3a9	Servidor rodando na porta 3000
2025-05-20	22:51:29	1dee0653-ebb6-4d60-93bd-44ce93f842af	Servidor rodando na porta 3000
2025-05-20	22:51:29	332be20a-12b3-4370-a076-0941ddd7f0a2	Servidor rodando na porta 3000
2025-05-20	22:51:47	aa654e62-9392-4447-9dc7-58cdc136b426	Servidor rodando na porta 3000
2025-05-20	22:51:53	05e17853-b020-4c31-bba3-9a6a3b3ee893	Servidor rodando na porta 3000
2025-05-20	22:53:24	feab99de-051b-4912-a59d-ee55a70edb89	Servidor rodando na porta 3000
2025-05-20	22:53:24	2030c44b-15c7-4316-848e-e8d2b8ec683c	Servidor rodando na porta 3000
2025-05-20	22:56:10	7dbaa42f-ece7-49ab-bb4f-12280a318431	Servidor rodando na porta 3000
2025-05-20	22:56:10	3865606f-98b9-410d-a88c-2f448034c14b	Servidor rodando na porta 3000
