2025-05-18	22:50:51	e2368064-3e07-49d7-8fc7-8c879ae3ef91	POST	//localizacao/organizacao/:id/localizacoes?nome=%22%22	undefined
2025-05-18	22:51:35	b842e395-6975-4d5a-b0ae-b18d74635bd7	POST	//localizacao/organizacao/:id/localizacoes?nome=%22%22	undefined
2025-05-18	22:58:54	1c7c3e87-d082-4a01-8dea-596112426083	POST	//localizacao/organizacao/:id/localizacoes?nome=%22%22	undefined
2025-05-18	22:58:56	70f7e3b8-9ff5-4f13-8751-3470d47feac0	POST	//localizacao/organizacao/:id/localizacoes?nome=%22%22	undefined
2025-05-18	22:59:11	32299fb2-b390-433f-87d0-577e210ffdd5	POST	//localizacao/organizacao/:id/localizacoes?nome=%22%22	undefined
2025-05-18	22:59:20	06bf56af-365b-482e-821b-f9b7347157f0	POST	//localizacao/organizacao/:id/localizacoes?nome=%22%22	undefined
2025-05-18	23:01:25	5d1c55cc-c870-4347-828d-6b8897b08bd2	POST	//localizacao/organizacao/:id/localizacoes?nome=%22%22	undefined
2025-05-18	23:06:02	da12b4e3-668f-459d-9259-796c4b2f4e2a	POST	//localizacao/organizacao/:id/localizacoes?nome=%22%22	undefined
2025-05-18	23:06:04	18117183-b9c7-4342-9f22-c2803aab7725	POST	//localizacao/organizacao/:id/localizacoes?nome=%22%22	undefined
2025-05-18	23:06:13	f063d2bb-8bb5-4c46-9105-ead874ef6687	POST	//localizacao/organizacao/:id/localizacoes?nome=%22%22	undefined
2025-05-18	23:06:31	fe1f17f8-343a-434c-85b4-270e69ce3824	POST	//localizacao/organizacao/:id/localizacoes?nome=%22%22	undefined
2025-05-18	23:06:45	1c3f63dd-e258-4d60-9a3b-054aa7c8353e	POST	/localizacao/organizacao/:id/localizacoes?nome=%22%22	undefined
2025-05-18	23:06:53	861db614-a7b2-4c47-8bd6-5612c66bac76	POST	/localizacao/organizacao/:id/localizacoes?nome=%22%22	undefined
2025-05-18	23:11:08	dfde566f-a3f7-4705-bbb3-c945b57e23e2	POST	/localizacao/organizacao/:id/localizacoes?nome=%22%22	undefined
2025-05-18	23:22:21	fbf88320-5c27-4333-a975-1dcb6755f6cd	POST	/localizacao/organizacao/:id/localizacoes?nome=%22%22	undefined
2025-05-18	23:22:22	d473e6d3-8562-4c51-84f0-d1f71335de11	POST	/localizacao/organizacao/:id/localizacoes?nome=%22%22	undefined
2025-05-18	23:22:22	b31392db-9ffa-48f4-ae70-8327862a3884	POST	/localizacao/organizacao/:id/localizacoes?nome=%22%22	undefined
2025-05-19	15:55:07	71507f91-d51b-4e92-b752-ccf9be51b303	POST	/localizacao/organizacao/:id/localizacoes?nome=%22%22	undefined
2025-05-19	15:55:12	80822222-fc7c-4a51-b421-8a979516876f	POST	/localizacao/organizacao/:id/localizacoes?nome=%22%22	undefined
2025-05-19	15:55:14	c5003d00-7543-4ca7-a3ab-374561d17723	POST	/localizacao/organizacao/:id/localizacoes?nome=%22%22	undefined
2025-05-19	15:56:19	6d5e91ff-dabc-4ede-b6f0-71f1b7a4416e	POST	/localizacao/organizacao/:id/localizacoes?nome=%22%22	undefined
2025-05-19	15:56:21	d3f2cbee-95cf-4b58-824d-20f1e8c8eec4	POST	/localizacao/organizacao/:id/localizacoes?nome=%22%22	undefined
2025-05-19	15:56:23	57226067-ace2-4921-a240-432e10f5be13	POST	/localizacao/organizacao/:id/localizacoes?nome=%22%22	undefined
2025-05-19	16:09:59	fd50be5e-a9a7-47aa-a377-fabc4042375a	POST	/localizacao/organizacao/:id/localizacoes?nome=%22%22	undefined
2025-05-19	16:10:04	6a9320cd-a772-437d-9310-6ca81143bb05	POST	/localizacao/organizacao/:id/localizacoes?nome=%22%22	undefined
2025-05-19	16:12:12	53c5cc73-47d6-45b8-9a56-7df17a7218d1	POST	/localizacao/organizacao/:id/localizacoes?nome=%22%22	undefined
2025-05-19	16:13:59	d97a8e26-6582-4c33-b913-0007df159c06	POST	/localizacao/organizacao/:id/localizacoes?nome=%22%22	undefined
2025-05-19	16:15:22	fab34ecd-c9cf-422f-84f0-43089169bd2e	POST	/localizacao/organizacao/:id/localizacoes?nome=%22%22	undefined
2025-05-19	16:15:23	b7fa0f8c-a770-448a-8221-56e92808a68f	POST	/localizacao/organizacao/:id/localizacoes?nome=%22%22	undefined
2025-05-19	16:15:23	78d20ffa-802e-4d84-9549-6473e9cfee84	POST	/localizacao/organizacao/:id/localizacoes?nome=%22%22	undefined
2025-05-19	16:15:25	b2677865-ada8-463e-9d55-6f3a2ccf8a47	POST	/localizacao/organizacao/:id/localizacoes?nome=%22%22	undefined
2025-05-19	16:15:58	6b9058b1-af7b-48c0-ac49-fdd4997329a3	POST	/localizacao/organizacao/:id/localizacoes?nome=%22%22	undefined
2025-05-19	16:15:59	6f379240-8692-4551-823f-65114bd70d2b	POST	/localizacao/organizacao/:id/localizacoes?nome=%22%22	undefined
2025-05-19	16:16:46	a6a7f33c-a7b9-480c-be4e-2c9f9a302417	POST	/localizacao/organizacao/:id/localizacoes?nome=%22%22	undefined
2025-05-19	16:16:51	04cc117a-db06-4404-bf68-73522c9f6282	POST	/localizacao/organizacao/:id/localizacoes?nome=%22%22	undefined
2025-05-19	16:16:52	b15f9367-e6c1-45f2-81e4-3c17d137e855	POST	/localizacao/organizacao/:id/localizacoes?nome=%22%22	undefined
2025-05-19	16:17:32	57e0cbe6-300a-4306-9a07-21e1be002854	POST	/localizacao/organizacao/:id/localizacoes?nome=%22%22	undefined
2025-05-19	16:18:13	58113c49-8238-439e-b540-1c6ea041610c	POST	/localizacao/organizacao/:id/localizacoes?nome=%22%22	undefined
2025-05-19	16:18:14	17024c44-f677-4f7d-841f-23ba8af71251	POST	/localizacao/organizacao/:id/localizacoes?nome=%22%22	undefined
2025-05-19	16:21:22	34e9acca-d13f-4395-a1f3-996464e75f49	GET	/localizacao/?nome=%22%22	undefined
2025-05-19	16:21:32	2840b32b-dbf2-4b7b-b367-fcbe4d64bd1d	GET	/localizacao/?nome=%22%22	undefined
2025-05-19	16:21:48	f38c4026-8345-42a1-9d54-cd73ba60e8a2	GET	/localizacao/?nome=%22%22	undefined
2025-05-19	16:22:25	5196a23c-2b85-4219-b9fc-7348a86c3e46	POST	/localizacao/organizacao/:id/localizacoes?nome=%22%22	undefined
2025-05-19	16:22:32	72492510-c561-411d-94cf-39a2f45b0d9d	POST	/localizacao/organizacao/:id/localizacoes?nome=%22%22	undefined
2025-05-19	16:22:33	f74cb35b-bb58-4ff9-ab61-cc3cf37823cb	POST	/localizacao/organizacao/:id/localizacoes?nome=%22%22	undefined
2025-05-19	16:56:02	d48292ec-72dc-4cf4-a925-df05ea40b268	POST	/localizacao/organizacao/:id/localizacoes?nome=%22%22	undefined
2025-05-19	16:56:04	40648e5c-67fd-4123-bdde-48ed429e652a	POST	/localizacao/organizacao/:id/localizacoes?nome=%22%22	undefined
2025-05-19	16:56:08	04860960-7971-4d42-9097-36fedb028fe5	POST	/localizacao/organizacao/:id/localizacoes?nome=%22%22	undefined
2025-05-19	16:56:09	23622f3c-b994-4932-ab66-3839b6c4e2f2	POST	/localizacao/organizacao/:id/localizacoes?nome=%22%22	undefined
2025-05-19	16:56:51	e13c56d4-06fe-42c2-ac8b-f57b00d50649	POST	/localizacao/organizacao/:id/localizacoes?nome=%22%22	undefined
2025-05-19	16:56:52	379beb68-91a4-4fe3-ba7f-3993a0a07e0c	POST	/localizacao/organizacao/:id/localizacoes?nome=%22%22	undefined
2025-05-19	16:56:53	009dc74f-208d-49c2-b4c4-4e40d089a1e6	POST	/localizacao/organizacao/:id/localizacoes?nome=%22%22	undefined
2025-05-19	16:57:53	b0694410-f1e8-47ac-ba20-469f0ad727f0	POST	/localizacao/organizacao/:id/localizacoes?nome=%22%22	undefined
2025-05-19	16:57:54	34d1df2b-8637-401c-b78a-21ca195fcc06	POST	/localizacao/organizacao/:id/localizacoes?nome=%22%22	undefined
2025-05-19	16:58:12	c20902bb-1307-478a-83bf-213f9c1181eb	GET	/localizacao/?nome=%22%22	undefined
2025-05-19	16:58:18	cc0641ea-9e47-4230-b65e-6040414e6820	GET	/localizacao?nome=%22%22	undefined
2025-05-19	16:59:04	fc523752-fe53-4c5a-9794-d8bad9726759	GET	/localizacao?nome=%22%22	undefined
2025-05-19	16:59:11	bdf9d8ac-2d5f-42b8-8a16-883a00343544	GET	/localizacao?nome=%22%22	undefined
2025-05-19	16:59:23	f4dda314-3ca3-424a-b958-b4ef741b8597	GET	/localizacao?nome=%22%22	undefined
2025-05-19	17:02:03	e66cb0af-1597-4b00-af66-47f9e07fd2de	POST	/localizacao?nome=%22%22	undefined
2025-05-19	17:02:21	2f4441e9-9680-4641-a90c-ee0f9dc9743a	POST	/localizacao/organizacao/:id/localizacoes?nome=%22%22	undefined
2025-05-19	17:06:03	997be627-76b1-45d1-bfc2-c707bb9aaca1	POST	/localizacao/organizacao/1/localizacoes?nome=%22%22	undefined
2025-05-19	17:07:26	308abe87-ccd7-4f3e-bfc2-849aac8f1543	POST	/organizacao/1/localizacoes?nome=%22%22	undefined
2025-05-19	17:07:40	747b8f75-0ecb-48d3-bad4-5ad165222045	POST	/localizacao/organizacao/1/localizacoes?nome=%22%22	undefined
2025-05-19	17:08:36	4ab92f1e-2f5c-4d12-92a5-ec4cd81e3723	POST	/localizacao/organizacao/1/localizacoes?nome=%22%22	undefined
2025-05-19	17:34:43	62c1a043-ff08-4a3c-a21e-04665bf230ef	POST	/localizacao/organizacao?nome=%22%22	undefined
2025-05-19	17:38:28	1283b7d4-aef2-4743-a32a-6d02cd349dd0	POST	/localizacao/organizacao?nome=%22%22	undefined
2025-05-19	17:39:01	badee151-5ec7-43e0-b6b5-5d454a0ff8d2	POST	/localizacao/organizacao?nome=%22%22	undefined
2025-05-19	17:39:03	bf2a2ee2-bfef-4f35-8ca0-ad315ccf0dcd	POST	/localizacao/organizacao?nome=%22%22	undefined
2025-05-19	17:39:24	9d73e6b3-1b4c-4eaa-9c61-3eb5bb6f5385	POST	/localizacao/organizacao1?nome=%22%22	undefined
2025-05-19	17:40:03	89508c6c-3e12-4590-81f6-11e49bd7fe89	POST	/localizacao/organizacao?nome=%22%22	undefined
2025-05-19	17:45:23	753a64c2-a625-4890-83a2-36ae8e0598e1	POST	/localizacao/organizacao/criarorganizacao?nome=%22%22	undefined
2025-05-19	17:45:37	180fb3fe-7734-4503-b3d5-e1aa32e03126	POST	/organizacao/criarorganizacao?nome=%22%22	undefined
2025-05-19	17:46:13	77ed4b8b-e798-4794-ad4c-714479d594d7	POST	/organizacao/criarorganizacao?nome=%22%22	undefined
2025-05-19	17:47:58	13250cb3-895f-463b-b68e-3b0128ea8bc8	POST	/organizacao/criarorganizacao?nome=%22%22	undefined
2025-05-19	17:48:00	905207d3-64c2-4e27-9035-0276c1716677	POST	/organizacao/criarorganizacao?nome=%22%22	undefined
2025-05-19	17:50:12	6eecb9a8-4032-45b7-9349-adeb595b9a34	POST	/organizacao?nome=%22%22	undefined
2025-05-19	17:50:31	2b3b04d8-d170-4ba3-a31d-28e74600d19e	POST	/organizacao/criarorganizacao?nome=%22%22	undefined
2025-05-19	17:50:33	d66af9cb-0d27-476b-93d7-e44466618d89	POST	/organizacao/criarorganizacao?nome=%22%22	undefined
2025-05-19	17:51:23	07a07d42-f2fe-4c87-800e-a718b38ea227	POST	/organizacao/criarorganizacao?nome=%22%22	undefined
2025-05-19	17:51:24	87660bc5-9d04-415d-bc1a-da2145f43d72	POST	/organizacao/criarorganizacao?nome=%22%22	undefined
2025-05-19	17:54:31	3d3e1e7e-d872-4fbf-90a4-77c32d8bf5d5	POST	/organizacao/criarorganizacao?nome=%22%22	undefined
2025-05-19	17:56:01	46a20f20-9467-4480-9ed6-4a1ba0bf6d48	POST	//localizacao/organizacao/:id/localizacoes?nome=%22%22	undefined
2025-05-19	17:56:06	9c1e7c16-7b63-4468-9e35-8e1ae06720c4	POST	/localizacao/organizacao/:id/localizacoes?nome=%22%22	undefined
2025-05-19	17:56:14	e730147a-bf32-4076-8fb4-ceb639c42a1b	POST	/localizacao/organizacao/1/localizacoes?nome=%22%22	undefined
2025-05-19	17:56:36	f47f0070-4901-4096-bf78-aebb8d9eda8b	GET	/localizacao/?nome=%22%22	undefined
2025-05-19	17:58:06	eaf57c2f-8bdc-47a6-9ee4-9fea2fe3f309	PUT	/localizacao/atualiza/1?nome=%22%22	undefined
2025-05-19	17:58:11	5ffa9706-350f-4fa6-918d-a5faedc6ef2c	PUT	/localizacao/atualiza/1?nome=%22%22	undefined
2025-05-19	17:59:17	250ffc23-1498-4ccd-a7f1-d636cefeb278	PUT	/localizacao/atualiza/1?nome=%22%22	undefined
2025-05-19	17:59:32	0efae0e3-3113-4a30-82ae-94c807daffd8	GET	/localizacao/?nome=%22%22	undefined
2025-05-19	18:01:43	67c136ca-bfba-457e-a71e-28ff022fdaec	PUT	/localizacao/atualiza/id	undefined
2025-05-19	18:05:13	2da83615-e14d-4fa0-84aa-b67d9f78fb19	PUT	/localizacao/atualiza/1	undefined
2025-05-19	18:05:33	fec8271a-5ff6-4d89-8f90-7a09f4a3d104	PUT	/localizacao/atualiza/1	undefined
2025-05-19	18:05:43	56128ebf-7fef-4ff5-88fc-8e11708772f9	PUT	/localizacao/atualiza/1	undefined
2025-05-19	18:05:44	43708e2d-cf8f-414b-a767-590a598a9d3f	PUT	/localizacao/atualiza/1	undefined
2025-05-19	18:05:45	6f3cb988-6a12-43b4-b9f9-714583e35a07	PUT	/localizacao/atualiza/1	undefined
2025-05-19	18:05:57	c2a74fa1-3d9e-44b5-8d56-7c3db8fb52c7	PUT	/localizacao/atualiza/1	undefined
2025-05-19	18:05:58	95d6401c-2365-4143-ad49-a37fc072a41a	PUT	/localizacao/atualiza/1	undefined
2025-05-19	18:06:04	179a7f19-65b4-46fb-ba08-112f47fbaf21	PUT	/localizacao/atualiza/1	undefined
2025-05-19	18:06:07	8f2d3805-7d6b-41d3-acda-4843fe4aa68a	PUT	/localizacao/atualiza/1	undefined
2025-05-19	18:06:34	73e00d78-0061-4513-a697-7acead9a6c5f	PUT	/localizacao/atualiza/:id	undefined
2025-05-19	18:06:38	c0cb1f0b-e1c6-4771-9c71-b1dc9fb05d38	PUT	/localizacao/atualiza/:id	undefined
2025-05-19	18:06:47	cc39b00a-d4d0-493a-a617-26b2cf83f0ef	PUT	/localizacao/atualiza/:id	undefined
2025-05-19	18:07:03	14377902-3ff5-442a-86ab-27cf72a69a24	PUT	/localizacao/atualiza/:id	undefined
2025-05-19	18:07:04	c7f9696b-e814-4c66-bab9-7002ba2fae71	PUT	/localizacao/atualiza/:id	undefined
2025-05-19	18:07:10	8cf7c39a-2984-4bb9-91f3-965d09327696	PUT	/localizacao/atualiza/:id	undefined
2025-05-19	18:07:20	899ac718-4db4-4112-9154-20a97c16da5d	PUT	/localizacao/atualiza/1	undefined
2025-05-19	18:08:24	46a9dbaa-510d-4002-9485-28461712d229	PUT	/localizacao/atualiza/1	undefined
2025-05-19	18:10:18	f9673efd-f7df-4167-ba27-975d87734fbe	PUT	/localizacao/atualiza/1	undefined
2025-05-19	18:10:45	b500841a-51ef-4b2c-9de1-a3bb0363e22f	GET	/localizacao/?nome=%22%22	undefined
2025-05-19	18:10:51	331c8307-bf81-423f-b414-9f116480f609	PUT	/localizacao/atualiza/1	undefined
2025-05-19	18:57:48	b9eaae69-1bb5-4aca-946e-d243376a880d	PUT	/localizacao/atualiza/	undefined
2025-05-19	18:57:56	49721d2c-4e3f-40ce-b13f-1db1445cee35	PUT	/localizacao/atualiza	undefined
2025-05-19	18:58:06	21e0fc31-3b4b-4967-b439-1a7338b37857	PUT	/localizacao/atualiza/:id	undefined
2025-05-19	18:58:27	ac8d4863-07ea-4594-9802-fdcbfda1a8bd	PUT	/localizacao/atualiza/1	undefined
2025-05-19	19:00:52	3011eebe-d3f3-408a-91af-c923034d9aec	PUT	/localizacao/atualiza/1	undefined
2025-05-19	21:18:55	f003eaa4-6371-4153-a56f-78f644737ecf	PUT	/localizacao/atualiza/1	undefined
2025-05-20	00:27:38	cb899041-2133-456b-88fb-0318e7b25ab5	PUT	/localizacao/atualiza/1	undefined
2025-05-20	00:31:04	162cc727-c2cc-4107-8d13-58d5d2c0f9b7	PATCH	/localizacao/atualiza/1	undefined
2025-05-20	00:31:21	a5c5c4fe-faf9-4435-a8a5-ecf51be9bd77	PUT	/localizacao/atualiza/1	undefined
2025-05-20	00:38:43	42f6a0f4-2213-45d9-a822-1f7af0b7ff5d	PUT	/localizacao/atualiza/1	undefined
2025-05-20	00:40:33	8971725f-5a74-4a51-b053-7c62db0a7e6d	DELETE	/localizacao/delete/1	undefined
2025-05-20	00:41:14	776244be-7016-40e4-8e88-b87edb4d21b9	GET	/localizacao/?nome=%22%22	undefined
2025-05-20	02:06:49	c4db1166-024f-4f2b-89b9-a94c55da7e55	GET	/localizacao/?nome=%22%22	undefined
2025-05-20	02:06:53	b0a296fb-293e-4619-9a2e-f4a5d11fd11a	GET	/localizacao/?nome=%22%22	undefined
2025-05-20	02:09:29	389e7834-a870-46cf-981f-97da55683a6a	GET	/localizacao/?nome=%22%22	undefined
2025-05-20	02:09:30	bd974622-4f1e-4836-a12e-a4b72a10ce22	GET	/localizacao/?nome=%22%22	undefined
2025-05-20	02:09:32	6c7b8ade-39ac-4362-861e-3945bcedb3fb	GET	/localizacao/?nome=%22%22	undefined
2025-05-20	02:10:18	cfb2b3ce-65b7-447e-930b-b67c657ae3d9	GET	/localizacao/?nome=%22%22	undefined
2025-05-20	02:10:38	5ce6dc54-c3b9-44f6-9c57-943fd10a5f54	POST	/organizacao/criarorganizacao	undefined
2025-05-20	02:10:45	66ae8696-ab24-442f-b571-9d47401ba053	POST	/localizacao/organizacao/1/localizacoes	undefined
2025-05-20	02:11:00	03152034-f7eb-4409-98a1-e0a99ca37918	PUT	/localizacao/atualiza/1	undefined
2025-05-20	02:14:07	ecc48906-e89a-4f1b-846e-a0b78e4856b1	GET	/localizacao/?nome=%22%22	undefined
2025-05-20	02:14:20	82a56a44-e3ff-4e68-9799-d94ec6e3bb98	PUT	/localizacao/atualiza/1	undefined
2025-05-20	02:14:30	463b827b-12fb-4847-8d15-b6c5d03f5b10	DELETE	/localizacao/delete/1	undefined
2025-05-20	02:14:42	24bd0dda-8ae9-4924-a3cd-d05d6a602668	DELETE	/localizacao/delete/2	undefined
2025-05-20	02:14:46	7bbec4f3-fd09-4124-8292-d03ae58a1ea4	GET	/localizacao/?nome=%22%22	undefined
2025-05-20	02:15:09	51eb28a6-fc6f-4d2e-8608-460d6fd69c92	POST	/localizacao/organizacao/1/localizacoes	undefined
2025-05-20	02:15:14	c0f130e1-183c-487a-ab2b-fe97aef2b238	GET	/localizacao/?nome=%22%22	undefined
2025-05-20	02:15:24	3ae83419-736a-49fb-939d-37e38643d18d	PUT	/localizacao/atualiza/3	undefined
2025-05-20	02:15:32	613550f9-8893-4d6c-bf9a-dca18bbcb0cb	GET	/localizacao/?nome=%22%22	undefined
2025-05-20	02:15:51	9d9f49db-8495-45d1-b532-9fd0634ff895	POST	/localizacao/organizacao/2/localizacoes	undefined
2025-05-21	16:30:27	b34022d9-3875-4a8b-b117-950246878af1	GET	/localizacao/?nome=%22%22	undefined
2025-05-21	16:30:30	14a75dc1-9ece-4be6-a0ac-b136a23e9da2	GET	/localizacao/?nome=%22%22	undefined
2025-05-21	16:34:34	bb487637-4c90-461e-9700-30ccf818fff8	GET	/localizacao/?nome=%22%22	undefined
2025-05-21	16:35:13	6b1459db-9330-4366-a702-68c8e229ade6	GET	/doacao/?nome=%22%22	undefined
2025-05-21	16:35:15	56f1a689-b7a3-4fd1-ad6d-640d825f7830	GET	/doacao/?nome=%22%22	undefined
2025-05-21	16:37:07	d2578e58-bfa1-48c4-a3d0-37613ac5399c	GET	/doacao/?nome=%22%22	undefined
2025-05-21	16:39:28	fa92bd99-0509-4902-84b2-03c38e476edf	GET	/doacao/?nome=%22%22	undefined
2025-05-21	16:39:53	aff43897-ea86-48b1-9374-23e7844ec0be	GET	/organizacoes/?nome=%22%22	undefined
2025-05-21	16:39:54	c7b71685-b491-444b-ad64-6d11ce25d48c	GET	/organizacoes/?nome=%22%22	undefined
2025-05-21	16:39:56	3de969ae-1300-4562-be7f-4450aa97efad	GET	/organizacoes/?nome=%22%22	undefined
2025-05-21	16:39:57	e7251275-50e2-4fb2-b22a-aa723db80bf4	GET	/organizacoes/?nome=%22%22	undefined
2025-05-21	16:42:11	19289cab-9a6f-4eba-95fb-d2afdb55ce9f	GET	/localizacao/?nome=%22%22	undefined
2025-05-21	16:43:02	307903e5-58da-480a-b3c6-ae915606b6e0	GET	/voluntarios/?nome=%22%22	undefined
2025-05-21	16:43:04	368eb121-afca-4ffd-a0e9-b7f9449ec836	GET	/voluntarios/?nome=%22%22	undefined
2025-05-21	16:43:07	fed4e54d-3cac-4e79-81e1-200d7bd0588e	GET	/voluntarios/?nome=%22%22	undefined
2025-05-21	16:43:08	c1d689ac-5293-4e10-89b2-8e9a9211fc68	GET	/voluntarios/?nome=%22%22	undefined
2025-05-21	16:43:11	a2870466-3756-49fc-88f5-1b355a4bab4e	GET	/voluntarios/?nome=%22%22	undefined
2025-05-21	16:43:15	2ce0b3e7-e6b2-4a65-83fe-900682399975	GET	/voluntarios/?nome=%22%22	undefined
